<?xml version="1.0" encoding="UTF-8"?>
<!-- Generated by org.testng.reporters.JUnitXMLReporter -->
<<<<<<< HEAD
<testsuite hostname="DESKTOP-LI3EA6Q" ignored="102" name="Default test" tests="1" failures="1" timestamp="21 oct 2021 14:56:12 GMT" time="110.144" errors="0">
  <testcase name="@AfterMethod FinEjecucion" time="4.07" classname="test.Tests_FacturaExportacion">
    <failure type="org.openqa.selenium.WebDriverException" message="chrome not reachable
  (Session info: chrome=94.0.4606.81)
Build info: version: &amp;apos;3.11.0&amp;apos;, revision: &amp;apos;e59cfb3&amp;apos;, time: &amp;apos;2018-03-11T20:26:55.152Z&amp;apos;
System info: host: &amp;apos;DESKTOP-LI3EA6Q&amp;apos;, ip: &amp;apos;172.16.8.176&amp;apos;, os.name: &amp;apos;Windows 10&amp;apos;, os.arch: &amp;apos;amd64&amp;apos;, os.version: &amp;apos;10.0&amp;apos;, java.version: &amp;apos;1.8.0_201&amp;apos;
Driver info: org.openqa.selenium.chrome.ChromeDriver
Capabilities {acceptInsecureCerts: false, browserName: chrome, browserVersion: 94.0.4606.81, chrome: {chromedriverVersion: 94.0.4606.61 (418b78f5838ed..., userDataDir: C:\Users\VERITY~1\AppData\L...}, goog:chromeOptions: {debuggerAddress: localhost:50433}, javascriptEnabled: true, networkConnectionEnabled: false, pageLoadStrategy: normal, platform: WINDOWS, platformName: WINDOWS, proxy: Proxy(), setWindowRect: true, strictFileInteractability: false, timeouts: {implicit: 0, pageLoad: 300000, script: 30000}, unhandledPromptBehavior: dismiss and notify, webauthn:extension:credBlob: true, webauthn:extension:largeBlob: true, webauthn:virtualAuthenticators: true}
Session ID: 1369000cfbbd76cc783b207e8068ed80">
      <![CDATA[org.openqa.selenium.WebDriverException: chrome not reachable
  (Session info: chrome=94.0.4606.81)
Build info: version: '3.11.0', revision: 'e59cfb3', time: '2018-03-11T20:26:55.152Z'
System info: host: 'DESKTOP-LI3EA6Q', ip: '172.16.8.176', os.name: 'Windows 10', os.arch: 'amd64', os.version: '10.0', java.version: '1.8.0_201'
Driver info: org.openqa.selenium.chrome.ChromeDriver
Capabilities {acceptInsecureCerts: false, browserName: chrome, browserVersion: 94.0.4606.81, chrome: {chromedriverVersion: 94.0.4606.61 (418b78f5838ed..., userDataDir: C:\Users\VERITY~1\AppData\L...}, goog:chromeOptions: {debuggerAddress: localhost:50433}, javascriptEnabled: true, networkConnectionEnabled: false, pageLoadStrategy: normal, platform: WINDOWS, platformName: WINDOWS, proxy: Proxy(), setWindowRect: true, strictFileInteractability: false, timeouts: {implicit: 0, pageLoad: 300000, script: 30000}, unhandledPromptBehavior: dismiss and notify, webauthn:extension:credBlob: true, webauthn:extension:largeBlob: true, webauthn:virtualAuthenticators: true}
Session ID: 1369000cfbbd76cc783b207e8068ed80
at sun.reflect.NativeConstructorAccessorImpl.newInstance0(Native Method)
at sun.reflect.NativeConstructorAccessorImpl.newInstance(Unknown Source)
at sun.reflect.DelegatingConstructorAccessorImpl.newInstance(Unknown Source)
at java.lang.reflect.Constructor.newInstance(Unknown Source)
at org.openqa.selenium.remote.http.W3CHttpResponseCodec.createException(W3CHttpResponseCodec.java:187)
at org.openqa.selenium.remote.http.W3CHttpResponseCodec.decode(W3CHttpResponseCodec.java:122)
at org.openqa.selenium.remote.http.W3CHttpResponseCodec.decode(W3CHttpResponseCodec.java:49)
at org.openqa.selenium.remote.HttpCommandExecutor.execute(HttpCommandExecutor.java:158)
at org.openqa.selenium.remote.service.DriverCommandExecutor.execute(DriverCommandExecutor.java:83)
at org.openqa.selenium.remote.RemoteWebDriver.execute(RemoteWebDriver.java:545)
at org.openqa.selenium.remote.RemoteWebDriver.execute(RemoteWebDriver.java:602)
at org.openqa.selenium.remote.RemoteWebDriver.close(RemoteWebDriver.java:435)
at test.Tests_FacturaExportacion.FinEjecucion(Tests_FacturaExportacion.java:10530)
at sun.reflect.NativeMethodAccessorImpl.invoke0(Native Method)
at sun.reflect.NativeMethodAccessorImpl.invoke(Unknown Source)
at sun.reflect.DelegatingMethodAccessorImpl.invoke(Unknown Source)
at java.lang.reflect.Method.invoke(Unknown Source)
at org.testng.internal.MethodInvocationHelper.invokeMethod(MethodInvocationHelper.java:124)
at org.testng.internal.MethodInvocationHelper.invokeMethodConsideringTimeout(MethodInvocationHelper.java:59)
at org.testng.internal.Invoker.invokeConfigurationMethod(Invoker.java:455)
at org.testng.internal.Invoker.invokeConfigurations(Invoker.java:222)
at org.testng.internal.Invoker.invokeMethod(Invoker.java:643)
at org.testng.internal.Invoker.invokeTestMethod(Invoker.java:716)
at org.testng.internal.Invoker.invokeTestMethods(Invoker.java:988)
at org.testng.internal.TestMethodWorker.invokeTestMethods(TestMethodWorker.java:125)
at org.testng.internal.TestMethodWorker.run(TestMethodWorker.java:109)
at org.testng.TestRunner.privateRun(TestRunner.java:648)
at org.testng.TestRunner.run(TestRunner.java:505)
at org.testng.SuiteRunner.runTest(SuiteRunner.java:455)
at org.testng.SuiteRunner.runSequentially(SuiteRunner.java:450)
at org.testng.SuiteRunner.privateRun(SuiteRunner.java:415)
at org.testng.SuiteRunner.run(SuiteRunner.java:364)
at org.testng.SuiteRunnerWorker.runSuite(SuiteRunnerWorker.java:52)
at org.testng.SuiteRunnerWorker.run(SuiteRunnerWorker.java:84)
at org.testng.TestNG.runSuitesSequentially(TestNG.java:1208)
at org.testng.TestNG.runSuitesLocally(TestNG.java:1137)
at org.testng.TestNG.runSuites(TestNG.java:1049)
at org.testng.TestNG.run(TestNG.java:1017)
at org.testng.remote.AbstractRemoteTestNG.run(AbstractRemoteTestNG.java:115)
at org.testng.remote.RemoteTestNG.initAndRun(RemoteTestNG.java:251)
at org.testng.remote.RemoteTestNG.main(RemoteTestNG.java:77)
]]>
    </failure>
  </testcase> <!-- @AfterMethod FinEjecucion -->
  <testcase name="Script_0015" time="98.461" classname="test.Tests_FacturaExportacion">
    <failure type="org.openqa.selenium.NoSuchWindowException" message="no such window: target window already closed
from unknown error: web view not found
  (Session info: chrome=94.0.4606.81)
Build info: version: &amp;apos;3.11.0&amp;apos;, revision: &amp;apos;e59cfb3&amp;apos;, time: &amp;apos;2018-03-11T20:26:55.152Z&amp;apos;
System info: host: &amp;apos;DESKTOP-LI3EA6Q&amp;apos;, ip: &amp;apos;172.16.8.176&amp;apos;, os.name: &amp;apos;Windows 10&amp;apos;, os.arch: &amp;apos;amd64&amp;apos;, os.version: &amp;apos;10.0&amp;apos;, java.version: &amp;apos;1.8.0_201&amp;apos;
Driver info: org.openqa.selenium.chrome.ChromeDriver
Capabilities {acceptInsecureCerts: false, browserName: chrome, browserVersion: 94.0.4606.81, chrome: {chromedriverVersion: 94.0.4606.61 (418b78f5838ed..., userDataDir: C:\Users\VERITY~1\AppData\L...}, goog:chromeOptions: {debuggerAddress: localhost:50433}, javascriptEnabled: true, networkConnectionEnabled: false, pageLoadStrategy: normal, platform: WINDOWS, platformName: WINDOWS, proxy: Proxy(), setWindowRect: true, strictFileInteractability: false, timeouts: {implicit: 0, pageLoad: 300000, script: 30000}, unhandledPromptBehavior: dismiss and notify, webauthn:extension:credBlob: true, webauthn:extension:largeBlob: true, webauthn:virtualAuthenticators: true}
Session ID: 1369000cfbbd76cc783b207e8068ed80
*** Element info: {Using=xpath, value=//*[@id=&amp;quot;pintador&amp;quot;]/div[1]/div[1]/div/table[2]/tbody/tr/td[2]/table/tbody/tr[1]/td/table/tbody/tr[2]/td}">
      <![CDATA[org.openqa.selenium.NoSuchWindowException: no such window: target window already closed
from unknown error: web view not found
  (Session info: chrome=94.0.4606.81)
Build info: version: '3.11.0', revision: 'e59cfb3', time: '2018-03-11T20:26:55.152Z'
System info: host: 'DESKTOP-LI3EA6Q', ip: '172.16.8.176', os.name: 'Windows 10', os.arch: 'amd64', os.version: '10.0', java.version: '1.8.0_201'
Driver info: org.openqa.selenium.chrome.ChromeDriver
Capabilities {acceptInsecureCerts: false, browserName: chrome, browserVersion: 94.0.4606.81, chrome: {chromedriverVersion: 94.0.4606.61 (418b78f5838ed..., userDataDir: C:\Users\VERITY~1\AppData\L...}, goog:chromeOptions: {debuggerAddress: localhost:50433}, javascriptEnabled: true, networkConnectionEnabled: false, pageLoadStrategy: normal, platform: WINDOWS, platformName: WINDOWS, proxy: Proxy(), setWindowRect: true, strictFileInteractability: false, timeouts: {implicit: 0, pageLoad: 300000, script: 30000}, unhandledPromptBehavior: dismiss and notify, webauthn:extension:credBlob: true, webauthn:extension:largeBlob: true, webauthn:virtualAuthenticators: true}
Session ID: 1369000cfbbd76cc783b207e8068ed80
*** Element info: {Using=xpath, value=//*[@id="pintador"]/div[1]/div[1]/div/table[2]/tbody/tr/td[2]/table/tbody/tr[1]/td/table/tbody/tr[2]/td}
at sun.reflect.GeneratedConstructorAccessor18.newInstance(Unknown Source)
at sun.reflect.DelegatingConstructorAccessorImpl.newInstance(Unknown Source)
at java.lang.reflect.Constructor.newInstance(Unknown Source)
at org.openqa.selenium.remote.http.W3CHttpResponseCodec.createException(W3CHttpResponseCodec.java:187)
at org.openqa.selenium.remote.http.W3CHttpResponseCodec.decode(W3CHttpResponseCodec.java:122)
at org.openqa.selenium.remote.http.W3CHttpResponseCodec.decode(W3CHttpResponseCodec.java:49)
at org.openqa.selenium.remote.HttpCommandExecutor.execute(HttpCommandExecutor.java:158)
at org.openqa.selenium.remote.service.DriverCommandExecutor.execute(DriverCommandExecutor.java:83)
at org.openqa.selenium.remote.RemoteWebDriver.execute(RemoteWebDriver.java:545)
at org.openqa.selenium.remote.RemoteWebDriver.findElement(RemoteWebDriver.java:319)
at org.openqa.selenium.remote.RemoteWebDriver.findElementByXPath(RemoteWebDriver.java:421)
at org.openqa.selenium.By$ByXPath.findElement(By.java:361)
at org.openqa.selenium.remote.RemoteWebDriver.findElement(RemoteWebDriver.java:311)
at test.Tests_FacturaExportacion.Script_0015(Tests_FacturaExportacion.java:970)
at sun.reflect.NativeMethodAccessorImpl.invoke0(Native Method)
at sun.reflect.NativeMethodAccessorImpl.invoke(Unknown Source)
at sun.reflect.DelegatingMethodAccessorImpl.invoke(Unknown Source)
at java.lang.reflect.Method.invoke(Unknown Source)
at org.testng.internal.MethodInvocationHelper.invokeMethod(MethodInvocationHelper.java:124)
at org.testng.internal.Invoker.invokeMethod(Invoker.java:580)
at org.testng.internal.Invoker.invokeTestMethod(Invoker.java:716)
at org.testng.internal.Invoker.invokeTestMethods(Invoker.java:988)
at org.testng.internal.TestMethodWorker.invokeTestMethods(TestMethodWorker.java:125)
at org.testng.internal.TestMethodWorker.run(TestMethodWorker.java:109)
at org.testng.TestRunner.privateRun(TestRunner.java:648)
at org.testng.TestRunner.run(TestRunner.java:505)
at org.testng.SuiteRunner.runTest(SuiteRunner.java:455)
at org.testng.SuiteRunner.runSequentially(SuiteRunner.java:450)
at org.testng.SuiteRunner.privateRun(SuiteRunner.java:415)
at org.testng.SuiteRunner.run(SuiteRunner.java:364)
at org.testng.SuiteRunnerWorker.runSuite(SuiteRunnerWorker.java:52)
at org.testng.SuiteRunnerWorker.run(SuiteRunnerWorker.java:84)
at org.testng.TestNG.runSuitesSequentially(TestNG.java:1208)
at org.testng.TestNG.runSuitesLocally(TestNG.java:1137)
at org.testng.TestNG.runSuites(TestNG.java:1049)
at org.testng.TestNG.run(TestNG.java:1017)
at org.testng.remote.AbstractRemoteTestNG.run(AbstractRemoteTestNG.java:115)
at org.testng.remote.RemoteTestNG.initAndRun(RemoteTestNG.java:251)
at org.testng.remote.RemoteTestNG.main(RemoteTestNG.java:77)
]]>
    </failure>
  </testcase> <!-- Script_0015 -->
  <testcase name="Script_0066" time="0.0" classname="test.Tests_FacturaExportacion">
    <ignored/>
  </testcase> <!-- Script_0066 -->
  <testcase name="Script_0090" time="0.0" classname="test.Tests_FacturaExportacion">
    <ignored/>
  </testcase> <!-- Script_0090 -->
  <testcase name="Script_0068" time="0.0" classname="test.Tests_FacturaExportacion">
    <ignored/>
  </testcase> <!-- Script_0068 -->
  <testcase name="Script_0101" time="0.0" classname="test.Tests_FacturaExportacion">
    <ignored/>
  </testcase> <!-- Script_0101 -->
  <testcase name="Script_0067" time="0.0" classname="test.Tests_FacturaExportacion">
    <ignored/>
  </testcase> <!-- Script_0067 -->
  <testcase name="Script_0100" time="0.0" classname="test.Tests_FacturaExportacion">
    <ignored/>
  </testcase> <!-- Script_0100 -->
  <testcase name="Script_0062" time="0.0" classname="test.Tests_FacturaExportacion">
    <ignored/>
  </testcase> <!-- Script_0062 -->
  <testcase name="Script_0069" time="0.0" classname="test.Tests_FacturaExportacion">
    <ignored/>
  </testcase> <!-- Script_0069 -->
  <testcase name="Script_0102" time="0.0" classname="test.Tests_FacturaExportacion">
    <ignored/>
  </testcase> <!-- Script_0102 -->
  <testcase name="Script_0064" time="0.0" classname="test.Tests_FacturaExportacion">
    <ignored/>
  </testcase> <!-- Script_0064 -->
  <testcase name="Script_0063" time="0.0" classname="test.Tests_FacturaExportacion">
    <ignored/>
  </testcase> <!-- Script_0063 -->
  <testcase name="Script_0107" time="0.0" classname="test.Tests_FacturaExportacion">
    <ignored/>
  </testcase> <!-- Script_0107 -->
  <testcase name="Script_0065" time="0.0" classname="test.Tests_FacturaExportacion">
    <ignored/>
  </testcase> <!-- Script_0065 -->
  <testcase name="Script_0109" time="0.0" classname="test.Tests_FacturaExportacion">
    <ignored/>
  </testcase> <!-- Script_0109 -->
  <testcase name="Script_0108" time="0.0" classname="test.Tests_FacturaExportacion">
    <ignored/>
  </testcase> <!-- Script_0108 -->
  <testcase name="Script_0103" time="0.0" classname="test.Tests_FacturaExportacion">
    <ignored/>
  </testcase> <!-- Script_0103 -->
  <testcase name="Script_0105" time="0.0" classname="test.Tests_FacturaExportacion">
    <ignored/>
  </testcase> <!-- Script_0105 -->
  <testcase name="Script_0104" time="0.0" classname="test.Tests_FacturaExportacion">
    <ignored/>
  </testcase> <!-- Script_0104 -->
  <testcase name="Script_0106" time="0.0" classname="test.Tests_FacturaExportacion">
    <ignored/>
  </testcase> <!-- Script_0106 -->
  <testcase name="Script_0060" time="0.0" classname="test.Tests_FacturaExportacion">
    <ignored/>
  </testcase> <!-- Script_0060 -->
  <testcase name="Script_0061" time="0.0" classname="test.Tests_FacturaExportacion">
    <ignored/>
  </testcase> <!-- Script_0061 -->
  <testcase name="Script_0077" time="0.0" classname="test.Tests_FacturaExportacion">
    <ignored/>
  </testcase> <!-- Script_0077 -->
  <testcase name="Script_0110" time="0.0" classname="test.Tests_FacturaExportacion">
    <ignored/>
  </testcase> <!-- Script_0110 -->
  <testcase name="Script_0079" time="0.0" classname="test.Tests_FacturaExportacion">
    <ignored/>
  </testcase> <!-- Script_0079 -->
  <testcase name="Script_0112" time="0.0" classname="test.Tests_FacturaExportacion">
    <ignored/>
  </testcase> <!-- Script_0112 -->
  <testcase name="Script_0078" time="0.0" classname="test.Tests_FacturaExportacion">
    <ignored/>
  </testcase> <!-- Script_0078 -->
  <testcase name="Script_0111" time="0.0" classname="test.Tests_FacturaExportacion">
    <ignored/>
  </testcase> <!-- Script_0111 -->
  <testcase name="Script_0073" time="0.0" classname="test.Tests_FacturaExportacion">
    <ignored/>
  </testcase> <!-- Script_0073 -->
  <testcase name="Script_0113" time="0.0" classname="test.Tests_FacturaExportacion">
    <ignored/>
  </testcase> <!-- Script_0113 -->
  <testcase name="Script_0075" time="0.0" classname="test.Tests_FacturaExportacion">
    <ignored/>
  </testcase> <!-- Script_0075 -->
  <testcase name="Script_0074" time="0.0" classname="test.Tests_FacturaExportacion">
    <ignored/>
  </testcase> <!-- Script_0074 -->
  <testcase name="Script_0076" time="0.0" classname="test.Tests_FacturaExportacion">
    <ignored/>
  </testcase> <!-- Script_0076 -->
  <testcase name="Script_0071" time="0.0" classname="test.Tests_FacturaExportacion">
    <ignored/>
  </testcase> <!-- Script_0071 -->
  <testcase name="Script_0070" time="0.0" classname="test.Tests_FacturaExportacion">
    <ignored/>
  </testcase> <!-- Script_0070 -->
  <testcase name="Script_0072" time="0.0" classname="test.Tests_FacturaExportacion">
    <ignored/>
  </testcase> <!-- Script_0072 -->
  <testcase name="Script_0044" time="0.0" classname="test.Tests_FacturaExportacion">
    <ignored/>
  </testcase> <!-- Script_0044 -->
  <testcase name="Script_0046" time="0.0" classname="test.Tests_FacturaExportacion">
=======
<testsuite ignored="19" hostname="LauraAndrade" failures="0" tests="1" name="Default test" time="191.128" errors="0" timestamp="20 oct. 2021 22:03:11 GMT">
  <testcase classname="test.Tests_NotaCreditoExportacion" name="Script_0079" time="186.752"/>
  <testcase classname="test.Tests_NotaCreditoExportacion" name="Script_0077" time="0.0">
    <ignored/>
  </testcase> <!-- Script_0077 -->
  <testcase classname="test.Tests_NotaCreditoExportacion" name="Script_0002" time="0.0">
>>>>>>> 34304d6cd4e8dc28cf2d77cc64ff1033539f95dc
    <ignored/>
  </testcase> <!-- Script_0002 -->
  <testcase classname="test.Tests_NotaCreditoExportacion" name="Script_0057" time="0.0">
    <ignored/>
  </testcase> <!-- Script_0057 -->
  <testcase classname="test.Tests_NotaCreditoExportacion" name="Script_0078" time="0.0">
    <ignored/>
  </testcase> <!-- Script_0078 -->
  <testcase classname="test.Tests_NotaCreditoExportacion" name="Script_0003" time="0.0">
    <ignored/>
  </testcase> <!-- Script_0003 -->
  <testcase classname="test.Tests_NotaCreditoExportacion" name="Script_0058" time="0.0">
    <ignored/>
  </testcase> <!-- Script_0058 -->
  <testcase classname="test.Tests_NotaCreditoExportacion" name="Script_0020" time="0.0">
    <ignored/>
  </testcase> <!-- Script_0020 -->
  <testcase classname="test.Tests_NotaCreditoExportacion" name="Script_0019" time="0.0">
    <ignored/>
  </testcase> <!-- Script_0019 -->
  <testcase classname="test.Tests_NotaCreditoExportacion" name="Script_0008" time="0.0">
    <ignored/>
  </testcase> <!-- Script_0008 -->
  <testcase classname="test.Tests_NotaCreditoExportacion" name="Script_0010" time="0.0">
    <ignored/>
  </testcase> <!-- Script_0010 -->
  <testcase classname="test.Tests_NotaCreditoExportacion" name="Script_0009" time="0.0">
    <ignored/>
  </testcase> <!-- Script_0009 -->
  <testcase classname="test.Tests_NotaCreditoExportacion" name="Script_0004" time="0.0">
    <ignored/>
  </testcase> <!-- Script_0004 -->
<<<<<<< HEAD
  <testcase name="Script_0006" time="0.0" classname="test.Tests_FacturaExportacion">
    <ignored/>
  </testcase> <!-- Script_0006 -->
  <testcase name="Script_0005" time="0.0" classname="test.Tests_FacturaExportacion">
    <ignored/>
  </testcase> <!-- Script_0005 -->
  <testcase name="Script_0007" time="0.0" classname="test.Tests_FacturaExportacion">
    <ignored/>
  </testcase> <!-- Script_0007 -->
  <testcase name="Script_0080" time="0.0" classname="test.Tests_FacturaExportacion">
    <ignored/>
  </testcase> <!-- Script_0080 -->
  <testcase name="Script_0082" time="0.0" classname="test.Tests_FacturaExportacion">
    <ignored/>
  </testcase> <!-- Script_0082 -->
  <testcase name="Script_0081" time="0.0" classname="test.Tests_FacturaExportacion">
    <ignored/>
  </testcase> <!-- Script_0081 -->
  <testcase name="Script_0083" time="0.0" classname="test.Tests_FacturaExportacion">
    <ignored/>
  </testcase> <!-- Script_0083 -->
  <testcase name="Script_0099" time="0.0" classname="test.Tests_FacturaExportacion">
    <ignored/>
  </testcase> <!-- Script_0099 -->
  <testcase name="Script_0095" time="0.0" classname="test.Tests_FacturaExportacion">
    <ignored/>
  </testcase> <!-- Script_0095 -->
  <testcase name="Script_0097" time="0.0" classname="test.Tests_FacturaExportacion">
    <ignored/>
  </testcase> <!-- Script_0097 -->
  <testcase name="Script_0096" time="0.0" classname="test.Tests_FacturaExportacion">
    <ignored/>
  </testcase> <!-- Script_0096 -->
  <testcase name="Script_0019" time="0.0" classname="test.Tests_FacturaExportacion">
    <ignored/>
  </testcase> <!-- Script_0019 -->
  <testcase name="Script_0010" time="0.0" classname="test.Tests_FacturaExportacion">
    <ignored/>
  </testcase> <!-- Script_0010 -->
  <testcase name="Script_0098" time="0.0" classname="test.Tests_FacturaExportacion">
    <ignored/>
  </testcase> <!-- Script_0098 -->
  <testcase name="Script_0018" time="0.0" classname="test.Tests_FacturaExportacion">
    <ignored/>
  </testcase> <!-- Script_0018 -->
  <testcase name="Script_0091" time="0.0" classname="test.Tests_FacturaExportacion">
    <ignored/>
  </testcase> <!-- Script_0091 -->
  <testcase name="Script_0093" time="0.0" classname="test.Tests_FacturaExportacion">
    <ignored/>
  </testcase> <!-- Script_0093 -->
  <testcase name="Script_0092" time="0.0" classname="test.Tests_FacturaExportacion">
    <ignored/>
  </testcase> <!-- Script_0092 -->
  <testcase name="Script_0094" time="0.0" classname="test.Tests_FacturaExportacion">
    <ignored/>
  </testcase> <!-- Script_0094 -->
=======
  <testcase classname="test.Tests_NotaCreditoExportacion" name="Script_0015" time="0.0">
    <ignored/>
  </testcase> <!-- Script_0015 -->
  <testcase classname="test.Tests_NotaCreditoExportacion" name="Script_0006" time="0.0">
    <ignored/>
  </testcase> <!-- Script_0006 -->
  <testcase classname="test.Tests_NotaCreditoExportacion" name="Script_0039" time="0.0">
    <ignored/>
  </testcase> <!-- Script_0039 -->
  <testcase classname="test.Tests_NotaCreditoExportacion" name="Script_0005" time="0.0">
    <ignored/>
  </testcase> <!-- Script_0005 -->
  <testcase classname="test.Tests_NotaCreditoExportacion" name="Script_0016" time="0.0">
    <ignored/>
  </testcase> <!-- Script_0016 -->
  <testcase classname="test.Tests_NotaCreditoExportacion" name="Script_0038" time="0.0">
    <ignored/>
  </testcase> <!-- Script_0038 -->
  <testcase classname="test.Tests_NotaCreditoExportacion" name="Script_0007" time="0.0">
    <ignored/>
  </testcase> <!-- Script_0007 -->
>>>>>>> 34304d6cd4e8dc28cf2d77cc64ff1033539f95dc
</testsuite> <!-- Default test -->
